0 info it worked if it ends with ok
1 verbose cli [ 'node', '/usr/local/bin/npm', 'install' ]
2 info using npm@1.4.28
3 info using node@v0.10.32
4 verbose readDependencies using package.json deps
5 verbose install where, deps [ '/Users/JJLee/Documents/developer/web/resume',
5 verbose install   [ 'express',
5 verbose install     'body-parser',
5 verbose install     'cookie-parser',
5 verbose install     'morgan',
5 verbose install     'serve-favicon',
5 verbose install     'debug',
5 verbose install     'jade',
5 verbose install     'mongodb',
5 verbose install     'mongoskin' ] ]
6 info preinstall resume@0.0.0
7 verbose readDependencies using package.json deps
8 verbose cache add [ 'body-parser@~1.8.1', null ]
9 verbose cache add name=undefined spec="body-parser@~1.8.1" args=["body-parser@~1.8.1",null]
10 verbose parsed url { protocol: null,
10 verbose parsed url   slashes: null,
10 verbose parsed url   auth: null,
10 verbose parsed url   host: null,
10 verbose parsed url   port: null,
10 verbose parsed url   hostname: null,
10 verbose parsed url   hash: null,
10 verbose parsed url   search: null,
10 verbose parsed url   query: null,
10 verbose parsed url   pathname: 'body-parser@~1.8.1',
10 verbose parsed url   path: 'body-parser@~1.8.1',
10 verbose parsed url   href: 'body-parser@~1.8.1' }
11 verbose cache add [ 'cookie-parser@~1.3.3', null ]
12 verbose cache add name=undefined spec="cookie-parser@~1.3.3" args=["cookie-parser@~1.3.3",null]
13 verbose parsed url { protocol: null,
13 verbose parsed url   slashes: null,
13 verbose parsed url   auth: null,
13 verbose parsed url   host: null,
13 verbose parsed url   port: null,
13 verbose parsed url   hostname: null,
13 verbose parsed url   hash: null,
13 verbose parsed url   search: null,
13 verbose parsed url   query: null,
13 verbose parsed url   pathname: 'cookie-parser@~1.3.3',
13 verbose parsed url   path: 'cookie-parser@~1.3.3',
13 verbose parsed url   href: 'cookie-parser@~1.3.3' }
14 verbose cache add [ 'morgan@~1.3.0', null ]
15 verbose cache add name=undefined spec="morgan@~1.3.0" args=["morgan@~1.3.0",null]
16 verbose parsed url { protocol: null,
16 verbose parsed url   slashes: null,
16 verbose parsed url   auth: null,
16 verbose parsed url   host: null,
16 verbose parsed url   port: null,
16 verbose parsed url   hostname: null,
16 verbose parsed url   hash: null,
16 verbose parsed url   search: null,
16 verbose parsed url   query: null,
16 verbose parsed url   pathname: 'morgan@~1.3.0',
16 verbose parsed url   path: 'morgan@~1.3.0',
16 verbose parsed url   href: 'morgan@~1.3.0' }
17 verbose cache add name="body-parser" spec="~1.8.1" args=["body-parser","~1.8.1"]
18 verbose parsed url { protocol: null,
18 verbose parsed url   slashes: null,
18 verbose parsed url   auth: null,
18 verbose parsed url   host: null,
18 verbose parsed url   port: null,
18 verbose parsed url   hostname: null,
18 verbose parsed url   hash: null,
18 verbose parsed url   search: null,
18 verbose parsed url   query: null,
18 verbose parsed url   pathname: '~1.8.1',
18 verbose parsed url   path: '~1.8.1',
18 verbose parsed url   href: '~1.8.1' }
19 verbose addNamed [ 'body-parser', '~1.8.1' ]
20 verbose addNamed [ null, '>=1.8.1-0 <1.9.0-0' ]
21 verbose cache add name="cookie-parser" spec="~1.3.3" args=["cookie-parser","~1.3.3"]
22 verbose parsed url { protocol: null,
22 verbose parsed url   slashes: null,
22 verbose parsed url   auth: null,
22 verbose parsed url   host: null,
22 verbose parsed url   port: null,
22 verbose parsed url   hostname: null,
22 verbose parsed url   hash: null,
22 verbose parsed url   search: null,
22 verbose parsed url   query: null,
22 verbose parsed url   pathname: '~1.3.3',
22 verbose parsed url   path: '~1.3.3',
22 verbose parsed url   href: '~1.3.3' }
23 verbose addNamed [ 'cookie-parser', '~1.3.3' ]
24 verbose addNamed [ null, '>=1.3.3-0 <1.4.0-0' ]
25 verbose cache add [ 'serve-favicon@~2.1.3', null ]
26 verbose cache add name=undefined spec="serve-favicon@~2.1.3" args=["serve-favicon@~2.1.3",null]
27 verbose parsed url { protocol: null,
27 verbose parsed url   slashes: null,
27 verbose parsed url   auth: null,
27 verbose parsed url   host: null,
27 verbose parsed url   port: null,
27 verbose parsed url   hostname: null,
27 verbose parsed url   hash: null,
27 verbose parsed url   search: null,
27 verbose parsed url   query: null,
27 verbose parsed url   pathname: 'serve-favicon@~2.1.3',
27 verbose parsed url   path: 'serve-favicon@~2.1.3',
27 verbose parsed url   href: 'serve-favicon@~2.1.3' }
28 verbose cache add [ 'debug@~2.0.0', null ]
29 verbose cache add name=undefined spec="debug@~2.0.0" args=["debug@~2.0.0",null]
30 verbose parsed url { protocol: null,
30 verbose parsed url   slashes: null,
30 verbose parsed url   auth: null,
30 verbose parsed url   host: null,
30 verbose parsed url   port: null,
30 verbose parsed url   hostname: null,
30 verbose parsed url   hash: null,
30 verbose parsed url   search: null,
30 verbose parsed url   query: null,
30 verbose parsed url   pathname: 'debug@~2.0.0',
30 verbose parsed url   path: 'debug@~2.0.0',
30 verbose parsed url   href: 'debug@~2.0.0' }
31 verbose cache add name="morgan" spec="~1.3.0" args=["morgan","~1.3.0"]
32 verbose parsed url { protocol: null,
32 verbose parsed url   slashes: null,
32 verbose parsed url   auth: null,
32 verbose parsed url   host: null,
32 verbose parsed url   port: null,
32 verbose parsed url   hostname: null,
32 verbose parsed url   hash: null,
32 verbose parsed url   search: null,
32 verbose parsed url   query: null,
32 verbose parsed url   pathname: '~1.3.0',
32 verbose parsed url   path: '~1.3.0',
32 verbose parsed url   href: '~1.3.0' }
33 verbose addNamed [ 'morgan', '~1.3.0' ]
34 verbose addNamed [ null, '>=1.3.0-0 <1.4.0-0' ]
35 silly lockFile a49948c1-body-parser-1-8-1 body-parser@~1.8.1
36 verbose lock body-parser@~1.8.1 /Users/JJLee/.npm/a49948c1-body-parser-1-8-1.lock
37 silly lockFile bf5babd8-cookie-parser-1-3-3 cookie-parser@~1.3.3
38 verbose lock cookie-parser@~1.3.3 /Users/JJLee/.npm/bf5babd8-cookie-parser-1-3-3.lock
39 silly lockFile a4a9bdf4-morgan-1-3-0 morgan@~1.3.0
40 verbose lock morgan@~1.3.0 /Users/JJLee/.npm/a4a9bdf4-morgan-1-3-0.lock
41 verbose cache add name="serve-favicon" spec="~2.1.3" args=["serve-favicon","~2.1.3"]
42 verbose parsed url { protocol: null,
42 verbose parsed url   slashes: null,
42 verbose parsed url   auth: null,
42 verbose parsed url   host: null,
42 verbose parsed url   port: null,
42 verbose parsed url   hostname: null,
42 verbose parsed url   hash: null,
42 verbose parsed url   search: null,
42 verbose parsed url   query: null,
42 verbose parsed url   pathname: '~2.1.3',
42 verbose parsed url   path: '~2.1.3',
42 verbose parsed url   href: '~2.1.3' }
43 verbose addNamed [ 'serve-favicon', '~2.1.3' ]
44 verbose addNamed [ null, '>=2.1.3-0 <2.2.0-0' ]
45 silly lockFile 38295489-serve-favicon-2-1-3 serve-favicon@~2.1.3
46 verbose lock serve-favicon@~2.1.3 /Users/JJLee/.npm/38295489-serve-favicon-2-1-3.lock
47 verbose cache add [ 'jade@~1.6.0', null ]
48 verbose cache add name=undefined spec="jade@~1.6.0" args=["jade@~1.6.0",null]
49 verbose parsed url { protocol: null,
49 verbose parsed url   slashes: null,
49 verbose parsed url   auth: null,
49 verbose parsed url   host: null,
49 verbose parsed url   port: null,
49 verbose parsed url   hostname: null,
49 verbose parsed url   hash: null,
49 verbose parsed url   search: null,
49 verbose parsed url   query: null,
49 verbose parsed url   pathname: 'jade@~1.6.0',
49 verbose parsed url   path: 'jade@~1.6.0',
49 verbose parsed url   href: 'jade@~1.6.0' }
50 verbose cache add [ 'mongodb@*', null ]
51 verbose cache add name=undefined spec="mongodb@*" args=["mongodb@*",null]
52 verbose parsed url { protocol: null,
52 verbose parsed url   slashes: null,
52 verbose parsed url   auth: null,
52 verbose parsed url   host: null,
52 verbose parsed url   port: null,
52 verbose parsed url   hostname: null,
52 verbose parsed url   hash: null,
52 verbose parsed url   search: null,
52 verbose parsed url   query: null,
52 verbose parsed url   pathname: 'mongodb@*',
52 verbose parsed url   path: 'mongodb@*',
52 verbose parsed url   href: 'mongodb@*' }
53 verbose cache add [ 'mongoskin@*', null ]
54 verbose cache add name=undefined spec="mongoskin@*" args=["mongoskin@*",null]
55 verbose parsed url { protocol: null,
55 verbose parsed url   slashes: null,
55 verbose parsed url   auth: null,
55 verbose parsed url   host: null,
55 verbose parsed url   port: null,
55 verbose parsed url   hostname: null,
55 verbose parsed url   hash: null,
55 verbose parsed url   search: null,
55 verbose parsed url   query: null,
55 verbose parsed url   pathname: 'mongoskin@*',
55 verbose parsed url   path: 'mongoskin@*',
55 verbose parsed url   href: 'mongoskin@*' }
56 verbose cache add [ 'express@~4.9.0', null ]
57 verbose cache add name=undefined spec="express@~4.9.0" args=["express@~4.9.0",null]
58 verbose parsed url { protocol: null,
58 verbose parsed url   slashes: null,
58 verbose parsed url   auth: null,
58 verbose parsed url   host: null,
58 verbose parsed url   port: null,
58 verbose parsed url   hostname: null,
58 verbose parsed url   hash: null,
58 verbose parsed url   search: null,
58 verbose parsed url   query: null,
58 verbose parsed url   pathname: 'express@~4.9.0',
58 verbose parsed url   path: 'express@~4.9.0',
58 verbose parsed url   href: 'express@~4.9.0' }
59 verbose cache add name="debug" spec="~2.0.0" args=["debug","~2.0.0"]
60 verbose parsed url { protocol: null,
60 verbose parsed url   slashes: null,
60 verbose parsed url   auth: null,
60 verbose parsed url   host: null,
60 verbose parsed url   port: null,
60 verbose parsed url   hostname: null,
60 verbose parsed url   hash: null,
60 verbose parsed url   search: null,
60 verbose parsed url   query: null,
60 verbose parsed url   pathname: '~2.0.0',
60 verbose parsed url   path: '~2.0.0',
60 verbose parsed url   href: '~2.0.0' }
61 verbose addNamed [ 'debug', '~2.0.0' ]
62 verbose addNamed [ null, '>=2.0.0-0 <2.1.0-0' ]
63 silly lockFile 12b6356d-debug-2-0-0 debug@~2.0.0
64 verbose lock debug@~2.0.0 /Users/JJLee/.npm/12b6356d-debug-2-0-0.lock
65 verbose cache add name="jade" spec="~1.6.0" args=["jade","~1.6.0"]
66 verbose parsed url { protocol: null,
66 verbose parsed url   slashes: null,
66 verbose parsed url   auth: null,
66 verbose parsed url   host: null,
66 verbose parsed url   port: null,
66 verbose parsed url   hostname: null,
66 verbose parsed url   hash: null,
66 verbose parsed url   search: null,
66 verbose parsed url   query: null,
66 verbose parsed url   pathname: '~1.6.0',
66 verbose parsed url   path: '~1.6.0',
66 verbose parsed url   href: '~1.6.0' }
67 verbose addNamed [ 'jade', '~1.6.0' ]
68 verbose addNamed [ null, '>=1.6.0-0 <1.7.0-0' ]
69 silly lockFile ad8c17a8-jade-1-6-0 jade@~1.6.0
70 verbose lock jade@~1.6.0 /Users/JJLee/.npm/ad8c17a8-jade-1-6-0.lock
71 verbose cache add name="mongodb" spec="*" args=["mongodb","*"]
72 verbose parsed url { protocol: null,
72 verbose parsed url   slashes: null,
72 verbose parsed url   auth: null,
72 verbose parsed url   host: null,
72 verbose parsed url   port: null,
72 verbose parsed url   hostname: null,
72 verbose parsed url   hash: null,
72 verbose parsed url   search: null,
72 verbose parsed url   query: null,
72 verbose parsed url   pathname: '*',
72 verbose parsed url   path: '*',
72 verbose parsed url   href: '*' }
73 verbose addNamed [ 'mongodb', '*' ]
74 verbose addNamed [ null, '*' ]
75 silly lockFile 842f93d5-mongodb mongodb@*
76 verbose lock mongodb@* /Users/JJLee/.npm/842f93d5-mongodb.lock
77 verbose cache add name="mongoskin" spec="*" args=["mongoskin","*"]
78 verbose parsed url { protocol: null,
78 verbose parsed url   slashes: null,
78 verbose parsed url   auth: null,
78 verbose parsed url   host: null,
78 verbose parsed url   port: null,
78 verbose parsed url   hostname: null,
78 verbose parsed url   hash: null,
78 verbose parsed url   search: null,
78 verbose parsed url   query: null,
78 verbose parsed url   pathname: '*',
78 verbose parsed url   path: '*',
78 verbose parsed url   href: '*' }
79 verbose addNamed [ 'mongoskin', '*' ]
80 verbose addNamed [ null, '*' ]
81 silly lockFile bbe026fa-mongoskin mongoskin@*
82 verbose lock mongoskin@* /Users/JJLee/.npm/bbe026fa-mongoskin.lock
83 verbose cache add name="express" spec="~4.9.0" args=["express","~4.9.0"]
84 verbose parsed url { protocol: null,
84 verbose parsed url   slashes: null,
84 verbose parsed url   auth: null,
84 verbose parsed url   host: null,
84 verbose parsed url   port: null,
84 verbose parsed url   hostname: null,
84 verbose parsed url   hash: null,
84 verbose parsed url   search: null,
84 verbose parsed url   query: null,
84 verbose parsed url   pathname: '~4.9.0',
84 verbose parsed url   path: '~4.9.0',
84 verbose parsed url   href: '~4.9.0' }
85 verbose addNamed [ 'express', '~4.9.0' ]
86 verbose addNamed [ null, '>=4.9.0-0 <4.10.0-0' ]
87 silly lockFile 6ae7fa08-express-4-9-0 express@~4.9.0
88 verbose lock express@~4.9.0 /Users/JJLee/.npm/6ae7fa08-express-4-9-0.lock
89 silly addNameRange { name: 'body-parser',
89 silly addNameRange   range: '>=1.8.1-0 <1.9.0-0',
89 silly addNameRange   hasData: false }
90 silly addNameRange { name: 'cookie-parser',
90 silly addNameRange   range: '>=1.3.3-0 <1.4.0-0',
90 silly addNameRange   hasData: false }
91 silly addNameRange { name: 'serve-favicon',
91 silly addNameRange   range: '>=2.1.3-0 <2.2.0-0',
91 silly addNameRange   hasData: false }
92 silly addNameRange { name: 'morgan', range: '>=1.3.0-0 <1.4.0-0', hasData: false }
93 silly addNameRange { name: 'debug', range: '>=2.0.0-0 <2.1.0-0', hasData: false }
94 silly addNameRange { name: 'jade', range: '>=1.6.0-0 <1.7.0-0', hasData: false }
95 silly addNameRange { name: 'mongodb', range: '*', hasData: false }
96 silly addNameRange { name: 'mongoskin', range: '*', hasData: false }
97 silly addNameRange { name: 'express', range: '>=4.9.0-0 <4.10.0-0', hasData: false }
98 verbose request where is /cookie-parser
99 verbose request registry https://registry.npmjs.org/
100 verbose request id 153c8da4a9bb120c
101 verbose url raw /cookie-parser
102 verbose url resolving [ 'https://registry.npmjs.org/', './cookie-parser' ]
103 verbose url resolved https://registry.npmjs.org/cookie-parser
104 verbose request where is https://registry.npmjs.org/cookie-parser
105 info trying registry request attempt 1 at 10:57:50
106 verbose etag "D2I21Z55J0M83YHA636O1DW9K"
107 http GET https://registry.npmjs.org/cookie-parser
108 verbose request where is /serve-favicon
109 verbose request registry https://registry.npmjs.org/
110 verbose url raw /serve-favicon
111 verbose url resolving [ 'https://registry.npmjs.org/', './serve-favicon' ]
112 verbose url resolved https://registry.npmjs.org/serve-favicon
113 verbose request where is https://registry.npmjs.org/serve-favicon
114 info trying registry request attempt 1 at 10:57:50
115 verbose etag "7DE7XCB1YNR2K4M0V914W2FL0"
116 http GET https://registry.npmjs.org/serve-favicon
117 verbose request where is /morgan
118 verbose request registry https://registry.npmjs.org/
119 verbose url raw /morgan
120 verbose url resolving [ 'https://registry.npmjs.org/', './morgan' ]
121 verbose url resolved https://registry.npmjs.org/morgan
122 verbose request where is https://registry.npmjs.org/morgan
123 info trying registry request attempt 1 at 10:57:50
124 verbose etag "8ELLH52SOJI9QYW7H7RPI0VL0"
125 http GET https://registry.npmjs.org/morgan
126 verbose request where is /body-parser
127 verbose request registry https://registry.npmjs.org/
128 verbose url raw /body-parser
129 verbose url resolving [ 'https://registry.npmjs.org/', './body-parser' ]
130 verbose url resolved https://registry.npmjs.org/body-parser
131 verbose request where is https://registry.npmjs.org/body-parser
132 info trying registry request attempt 1 at 10:57:50
133 verbose etag "2Z3MRRW3UTD2PGDGVXU6ZKF4D"
134 http GET https://registry.npmjs.org/body-parser
135 verbose request where is /debug
136 verbose request registry https://registry.npmjs.org/
137 verbose url raw /debug
138 verbose url resolving [ 'https://registry.npmjs.org/', './debug' ]
139 verbose url resolved https://registry.npmjs.org/debug
140 verbose request where is https://registry.npmjs.org/debug
141 info trying registry request attempt 1 at 10:57:50
142 verbose etag "EWQK2OLCUA4CKMN5129HSUFY1"
143 http GET https://registry.npmjs.org/debug
144 verbose request where is /jade
145 verbose request registry https://registry.npmjs.org/
146 verbose url raw /jade
147 verbose url resolving [ 'https://registry.npmjs.org/', './jade' ]
148 verbose url resolved https://registry.npmjs.org/jade
149 verbose request where is https://registry.npmjs.org/jade
150 info trying registry request attempt 1 at 10:57:50
151 verbose etag "2O8A36TZF8FAVX35MDT0V2IQJ"
152 http GET https://registry.npmjs.org/jade
153 verbose request where is /mongodb
154 verbose request registry https://registry.npmjs.org/
155 verbose url raw /mongodb
156 verbose url resolving [ 'https://registry.npmjs.org/', './mongodb' ]
157 verbose url resolved https://registry.npmjs.org/mongodb
158 verbose request where is https://registry.npmjs.org/mongodb
159 info trying registry request attempt 1 at 10:57:50
160 verbose etag "6AFDDU1JZIBPZA17X6Y0N3PF0"
161 http GET https://registry.npmjs.org/mongodb
162 verbose request where is /mongoskin
163 verbose request registry https://registry.npmjs.org/
164 verbose url raw /mongoskin
165 verbose url resolving [ 'https://registry.npmjs.org/', './mongoskin' ]
166 verbose url resolved https://registry.npmjs.org/mongoskin
167 verbose request where is https://registry.npmjs.org/mongoskin
168 info trying registry request attempt 1 at 10:57:50
169 verbose etag "C8OINJ0EK1S224QSBUWVO9XVQ"
170 http GET https://registry.npmjs.org/mongoskin
171 verbose request where is /express
172 verbose request registry https://registry.npmjs.org/
173 verbose url raw /express
174 verbose url resolving [ 'https://registry.npmjs.org/', './express' ]
175 verbose url resolved https://registry.npmjs.org/express
176 verbose request where is https://registry.npmjs.org/express
177 info trying registry request attempt 1 at 10:57:50
178 verbose etag "685281TF2FGT9LW7WSB0T48O"
179 http GET https://registry.npmjs.org/express
180 http 304 https://registry.npmjs.org/body-parser
181 silly registry.get cb [ 304,
181 silly registry.get   { date: 'Thu, 23 Oct 2014 02:57:51 GMT',
181 silly registry.get     server: 'Apache',
181 silly registry.get     via: '1.1 varnish',
181 silly registry.get     'last-modified': 'Thu, 23 Oct 2014 02:57:51 GMT',
181 silly registry.get     'cache-control': 'max-age=60',
181 silly registry.get     etag: '"2Z3MRRW3UTD2PGDGVXU6ZKF4D"',
181 silly registry.get     age: '0',
181 silly registry.get     'x-served-by': 'cache-hk90-HKG',
181 silly registry.get     'x-cache': 'HIT',
181 silly registry.get     'x-cache-hits': '1',
181 silly registry.get     'x-timer': 'S1414033071.548707,VS0,VE240',
181 silly registry.get     vary: 'Accept',
181 silly registry.get     'content-length': '0',
181 silly registry.get     'keep-alive': 'timeout=10, max=50',
181 silly registry.get     connection: 'Keep-Alive' } ]
182 verbose etag https://registry.npmjs.org/body-parser from cache
183 silly addNameRange number 2 { name: 'body-parser',
183 silly addNameRange   range: '>=1.8.1-0 <1.9.0-0',
183 silly addNameRange   hasData: true }
184 silly addNameRange versions [ 'body-parser',
184 silly addNameRange   [ '1.0.0',
184 silly addNameRange     '1.0.1',
184 silly addNameRange     '1.0.2',
184 silly addNameRange     '1.1.0',
184 silly addNameRange     '1.1.1',
184 silly addNameRange     '1.1.2',
184 silly addNameRange     '1.2.0',
184 silly addNameRange     '1.2.1',
184 silly addNameRange     '1.2.2',
184 silly addNameRange     '1.3.0',
184 silly addNameRange     '1.3.1',
184 silly addNameRange     '1.4.0',
184 silly addNameRange     '1.4.1',
184 silly addNameRange     '1.4.2',
184 silly addNameRange     '1.4.3',
184 silly addNameRange     '1.5.0',
184 silly addNameRange     '1.5.1',
184 silly addNameRange     '1.5.2',
184 silly addNameRange     '1.6.0',
184 silly addNameRange     '1.6.1',
184 silly addNameRange     '1.6.2',
184 silly addNameRange     '1.6.3',
184 silly addNameRange     '1.6.4',
184 silly addNameRange     '1.6.5',
184 silly addNameRange     '1.6.6',
184 silly addNameRange     '1.6.7',
184 silly addNameRange     '1.7.0',
184 silly addNameRange     '1.8.0',
184 silly addNameRange     '1.8.1',
184 silly addNameRange     '1.8.2',
184 silly addNameRange     '1.8.3',
184 silly addNameRange     '1.8.4',
184 silly addNameRange     '1.9.0' ] ]
185 verbose addNamed [ 'body-parser', '1.8.4' ]
186 verbose addNamed [ '1.8.4', '1.8.4' ]
187 silly lockFile 5cba912c-body-parser-1-8-4 body-parser@1.8.4
188 verbose lock body-parser@1.8.4 /Users/JJLee/.npm/5cba912c-body-parser-1-8-4.lock
189 silly lockFile 5cba912c-body-parser-1-8-4 body-parser@1.8.4
190 silly lockFile 5cba912c-body-parser-1-8-4 body-parser@1.8.4
191 silly lockFile a49948c1-body-parser-1-8-1 body-parser@~1.8.1
192 silly lockFile a49948c1-body-parser-1-8-1 body-parser@~1.8.1
193 http 304 https://registry.npmjs.org/cookie-parser
194 silly registry.get cb [ 304,
194 silly registry.get   { date: 'Thu, 23 Oct 2014 02:57:51 GMT',
194 silly registry.get     server: 'Apache',
194 silly registry.get     via: '1.1 varnish',
194 silly registry.get     'last-modified': 'Thu, 23 Oct 2014 02:57:51 GMT',
194 silly registry.get     'cache-control': 'max-age=60',
194 silly registry.get     etag: '"D2I21Z55J0M83YHA636O1DW9K"',
194 silly registry.get     age: '0',
194 silly registry.get     'x-served-by': 'cache-hk92-HKG',
194 silly registry.get     'x-cache': 'HIT',
194 silly registry.get     'x-cache-hits': '1',
194 silly registry.get     'x-timer': 'S1414033071.581952,VS0,VE235',
194 silly registry.get     vary: 'Accept',
194 silly registry.get     'content-length': '0',
194 silly registry.get     'keep-alive': 'timeout=10, max=50',
194 silly registry.get     connection: 'Keep-Alive' } ]
195 verbose etag https://registry.npmjs.org/cookie-parser from cache
196 silly addNameRange number 2 { name: 'cookie-parser',
196 silly addNameRange   range: '>=1.3.3-0 <1.4.0-0',
196 silly addNameRange   hasData: true }
197 silly addNameRange versions [ 'cookie-parser',
197 silly addNameRange   [ '1.0.0',
197 silly addNameRange     '1.0.1',
197 silly addNameRange     '1.1.0',
197 silly addNameRange     '1.2.0',
197 silly addNameRange     '1.3.0',
197 silly addNameRange     '1.3.1',
197 silly addNameRange     '1.3.2',
197 silly addNameRange     '1.3.3' ] ]
198 verbose addNamed [ 'cookie-parser', '1.3.3' ]
199 verbose addNamed [ '1.3.3', '1.3.3' ]
200 silly lockFile 68450bd4-cookie-parser-1-3-3 cookie-parser@1.3.3
201 verbose lock cookie-parser@1.3.3 /Users/JJLee/.npm/68450bd4-cookie-parser-1-3-3.lock
202 silly lockFile 68450bd4-cookie-parser-1-3-3 cookie-parser@1.3.3
203 silly lockFile 68450bd4-cookie-parser-1-3-3 cookie-parser@1.3.3
204 silly lockFile bf5babd8-cookie-parser-1-3-3 cookie-parser@~1.3.3
205 silly lockFile bf5babd8-cookie-parser-1-3-3 cookie-parser@~1.3.3
206 http 200 https://registry.npmjs.org/debug
207 silly registry.get cb [ 200,
207 silly registry.get   { date: 'Thu, 23 Oct 2014 02:57:51 GMT',
207 silly registry.get     server: 'CouchDB/1.5.0 (Erlang OTP/R16B03)',
207 silly registry.get     etag: '"8WZ4LMRO7CZCRTRAWRK0Z3M75"',
207 silly registry.get     'content-type': 'application/json',
207 silly registry.get     'cache-control': 'max-age=60',
207 silly registry.get     'content-length': '28139',
207 silly registry.get     'accept-ranges': 'bytes',
207 silly registry.get     via: '1.1 varnish',
207 silly registry.get     age: '47',
207 silly registry.get     'x-served-by': 'cache-hk92-HKG',
207 silly registry.get     'x-cache': 'HIT',
207 silly registry.get     'x-cache-hits': '14',
207 silly registry.get     'x-timer': 'S1414033071.553803,VS0,VE0',
207 silly registry.get     vary: 'Accept',
207 silly registry.get     'keep-alive': 'timeout=10, max=50',
207 silly registry.get     connection: 'Keep-Alive' } ]
208 silly addNameRange number 2 { name: 'debug', range: '>=2.0.0-0 <2.1.0-0', hasData: true }
209 silly addNameRange versions [ 'debug',
209 silly addNameRange   [ '0.0.1',
209 silly addNameRange     '0.1.0',
209 silly addNameRange     '0.2.0',
209 silly addNameRange     '0.3.0',
209 silly addNameRange     '0.4.0',
209 silly addNameRange     '0.4.1',
209 silly addNameRange     '0.5.0',
209 silly addNameRange     '0.6.0',
209 silly addNameRange     '0.7.0',
209 silly addNameRange     '0.7.1',
209 silly addNameRange     '0.7.2',
209 silly addNameRange     '0.7.3',
209 silly addNameRange     '0.7.4',
209 silly addNameRange     '0.8.0',
209 silly addNameRange     '0.8.1',
209 silly addNameRange     '1.0.0',
209 silly addNameRange     '1.0.1',
209 silly addNameRange     '1.0.2',
209 silly addNameRange     '1.0.3',
209 silly addNameRange     '1.0.4',
209 silly addNameRange     '2.0.0',
209 silly addNameRange     '2.1.0' ] ]
210 verbose addNamed [ 'debug', '2.0.0' ]
211 verbose addNamed [ '2.0.0', '2.0.0' ]
212 silly lockFile 095bd820-debug-2-0-0 debug@2.0.0
213 verbose lock debug@2.0.0 /Users/JJLee/.npm/095bd820-debug-2-0-0.lock
214 silly lockFile 095bd820-debug-2-0-0 debug@2.0.0
215 silly lockFile 095bd820-debug-2-0-0 debug@2.0.0
216 silly lockFile 12b6356d-debug-2-0-0 debug@~2.0.0
217 silly lockFile 12b6356d-debug-2-0-0 debug@~2.0.0
218 http 304 https://registry.npmjs.org/mongoskin
219 silly registry.get cb [ 304,
219 silly registry.get   { date: 'Thu, 23 Oct 2014 02:57:52 GMT',
219 silly registry.get     server: 'Apache',
219 silly registry.get     via: '1.1 varnish',
219 silly registry.get     'last-modified': 'Thu, 23 Oct 2014 02:57:52 GMT',
219 silly registry.get     'cache-control': 'max-age=60',
219 silly registry.get     etag: '"C8OINJ0EK1S224QSBUWVO9XVQ"',
219 silly registry.get     age: '0',
219 silly registry.get     'x-served-by': 'cache-hk92-HKG',
219 silly registry.get     'x-cache': 'MISS',
219 silly registry.get     'x-cache-hits': '0',
219 silly registry.get     'x-timer': 'S1414033072.093556,VS0,VE242',
219 silly registry.get     vary: 'Accept',
219 silly registry.get     'content-length': '0',
219 silly registry.get     'keep-alive': 'timeout=10, max=49',
219 silly registry.get     connection: 'Keep-Alive' } ]
220 verbose etag https://registry.npmjs.org/mongoskin from cache
221 silly addNameRange number 2 { name: 'mongoskin', range: '*', hasData: true }
222 silly addNameRange versions [ 'mongoskin',
222 silly addNameRange   [ '0.1.0',
222 silly addNameRange     '0.1.1',
222 silly addNameRange     '0.1.2',
222 silly addNameRange     '0.1.3',
222 silly addNameRange     '0.2.0',
222 silly addNameRange     '0.2.1',
222 silly addNameRange     '0.2.2',
222 silly addNameRange     '0.2.3',
222 silly addNameRange     '0.3.0',
222 silly addNameRange     '0.3.3',
222 silly addNameRange     '0.3.4',
222 silly addNameRange     '0.3.5',
222 silly addNameRange     '0.3.6',
222 silly addNameRange     '0.3.7',
222 silly addNameRange     '0.4.0',
222 silly addNameRange     '0.4.1',
222 silly addNameRange     '0.4.2',
222 silly addNameRange     '0.4.3',
222 silly addNameRange     '0.4.4',
222 silly addNameRange     '0.5.0',
222 silly addNameRange     '0.6.0',
222 silly addNameRange     '0.6.1',
222 silly addNameRange     '1.3.20-alpha',
222 silly addNameRange     '1.3.20',
222 silly addNameRange     '1.3.21',
222 silly addNameRange     '1.3.22',
222 silly addNameRange     '1.3.23',
222 silly addNameRange     '1.4.0',
222 silly addNameRange     '1.4.1',
222 silly addNameRange     '1.4.2',
222 silly addNameRange     '1.4.3',
222 silly addNameRange     '1.4.4' ] ]
223 verbose addNamed [ 'mongoskin', '1.4.4' ]
224 verbose addNamed [ '1.4.4', '1.4.4' ]
225 silly lockFile 31ad45dc-mongoskin-1-4-4 mongoskin@1.4.4
226 verbose lock mongoskin@1.4.4 /Users/JJLee/.npm/31ad45dc-mongoskin-1-4-4.lock
227 silly lockFile 31ad45dc-mongoskin-1-4-4 mongoskin@1.4.4
228 silly lockFile 31ad45dc-mongoskin-1-4-4 mongoskin@1.4.4
229 silly lockFile bbe026fa-mongoskin mongoskin@*
230 silly lockFile bbe026fa-mongoskin mongoskin@*
231 http 200 https://registry.npmjs.org/morgan
232 silly registry.get cb [ 200,
232 silly registry.get   { date: 'Thu, 23 Oct 2014 02:57:52 GMT',
232 silly registry.get     server: 'CouchDB/1.5.0 (Erlang OTP/R16B03)',
232 silly registry.get     etag: '"9XCRWUDGXSRP5O4MDP1T9VN3W"',
232 silly registry.get     'content-type': 'application/json',
232 silly registry.get     'cache-control': 'max-age=60',
232 silly registry.get     'content-length': '26100',
232 silly registry.get     'accept-ranges': 'bytes',
232 silly registry.get     via: '1.1 varnish',
232 silly registry.get     age: '0',
232 silly registry.get     'x-served-by': 'cache-hk91-HKG',
232 silly registry.get     'x-cache': 'HIT',
232 silly registry.get     'x-cache-hits': '1',
232 silly registry.get     'x-timer': 'S1414033071.547650,VS0,VE950',
232 silly registry.get     vary: 'Accept',
232 silly registry.get     'keep-alive': 'timeout=10, max=50',
232 silly registry.get     connection: 'Keep-Alive' } ]
233 silly addNameRange number 2 { name: 'morgan', range: '>=1.3.0-0 <1.4.0-0', hasData: true }
234 silly addNameRange versions [ 'morgan',
234 silly addNameRange   [ '1.0.0',
234 silly addNameRange     '1.0.1',
234 silly addNameRange     '1.1.0',
234 silly addNameRange     '1.1.1',
234 silly addNameRange     '1.2.0',
234 silly addNameRange     '1.2.1',
234 silly addNameRange     '1.2.2',
234 silly addNameRange     '1.2.3',
234 silly addNameRange     '1.3.0',
234 silly addNameRange     '1.3.1',
234 silly addNameRange     '1.3.2',
234 silly addNameRange     '1.4.0' ] ]
235 verbose addNamed [ 'morgan', '1.3.2' ]
236 verbose addNamed [ '1.3.2', '1.3.2' ]
237 silly lockFile 7e2b41c6-morgan-1-3-2 morgan@1.3.2
238 verbose lock morgan@1.3.2 /Users/JJLee/.npm/7e2b41c6-morgan-1-3-2.lock
239 silly lockFile 7e2b41c6-morgan-1-3-2 morgan@1.3.2
240 silly lockFile 7e2b41c6-morgan-1-3-2 morgan@1.3.2
241 silly lockFile a4a9bdf4-morgan-1-3-0 morgan@~1.3.0
242 silly lockFile a4a9bdf4-morgan-1-3-0 morgan@~1.3.0
243 http 200 https://registry.npmjs.org/serve-favicon
244 silly registry.get cb [ 200,
244 silly registry.get   { date: 'Thu, 23 Oct 2014 02:57:52 GMT',
244 silly registry.get     server: 'CouchDB/1.5.0 (Erlang OTP/R16B03)',
244 silly registry.get     etag: '"DQNCEOV1TU804V1DNRWACLPFP"',
244 silly registry.get     'content-type': 'application/json',
244 silly registry.get     'cache-control': 'max-age=60',
244 silly registry.get     'content-length': '16887',
244 silly registry.get     'accept-ranges': 'bytes',
244 silly registry.get     via: '1.1 varnish',
244 silly registry.get     age: '0',
244 silly registry.get     'x-served-by': 'cache-hk90-HKG',
244 silly registry.get     'x-cache': 'HIT',
244 silly registry.get     'x-cache-hits': '1',
244 silly registry.get     'x-timer': 'S1414033071.759365,VS0,VE934',
244 silly registry.get     vary: 'Accept',
244 silly registry.get     'keep-alive': 'timeout=10, max=50',
244 silly registry.get     connection: 'Keep-Alive' } ]
245 silly addNameRange number 2 { name: 'serve-favicon',
245 silly addNameRange   range: '>=2.1.3-0 <2.2.0-0',
245 silly addNameRange   hasData: true }
246 silly addNameRange versions [ 'serve-favicon',
246 silly addNameRange   [ '2.0.0',
246 silly addNameRange     '2.0.1',
246 silly addNameRange     '2.1.0',
246 silly addNameRange     '2.1.1',
246 silly addNameRange     '2.1.2',
246 silly addNameRange     '2.1.3',
246 silly addNameRange     '2.1.4',
246 silly addNameRange     '2.1.5',
246 silly addNameRange     '2.1.6' ] ]
247 verbose addNamed [ 'serve-favicon', '2.1.6' ]
248 verbose addNamed [ '2.1.6', '2.1.6' ]
249 silly lockFile 4a3fd20c-serve-favicon-2-1-6 serve-favicon@2.1.6
250 verbose lock serve-favicon@2.1.6 /Users/JJLee/.npm/4a3fd20c-serve-favicon-2-1-6.lock
251 silly lockFile 620925dd--favicon-serve-favicon-2-1-6-tgz https://registry.npmjs.org/serve-favicon/-/serve-favicon-2.1.6.tgz
252 verbose lock https://registry.npmjs.org/serve-favicon/-/serve-favicon-2.1.6.tgz /Users/JJLee/.npm/620925dd--favicon-serve-favicon-2-1-6-tgz.lock
253 verbose addRemoteTarball [ 'https://registry.npmjs.org/serve-favicon/-/serve-favicon-2.1.6.tgz',
253 verbose addRemoteTarball   '46326a9eb64a0fa5cf012a4f85efe9fda95820e5' ]
254 info retry fetch attempt 1 at 10:57:53
255 verbose fetch to= /var/folders/5y/8scskfl514j1blfth90bj3pm0000gn/T/npm-3822-6pR7NzXe/registry.npmjs.org/serve-favicon/-/serve-favicon-2.1.6.tgz
256 http GET https://registry.npmjs.org/serve-favicon/-/serve-favicon-2.1.6.tgz
257 http 200 https://registry.npmjs.org/express
258 silly registry.get cb [ 200,
258 silly registry.get   { date: 'Thu, 23 Oct 2014 02:57:52 GMT',
258 silly registry.get     server: 'CouchDB/1.5.0 (Erlang OTP/R16B03)',
258 silly registry.get     etag: '"AZ2YG10SKPR3I8RLQMZ1PNCMO"',
258 silly registry.get     'content-type': 'application/json',
258 silly registry.get     'cache-control': 'max-age=60',
258 silly registry.get     'content-length': '400355',
258 silly registry.get     'accept-ranges': 'bytes',
258 silly registry.get     via: '1.1 varnish',
258 silly registry.get     age: '4',
258 silly registry.get     'x-served-by': 'cache-hk92-HKG',
258 silly registry.get     'x-cache': 'HIT',
258 silly registry.get     'x-cache-hits': '2',
258 silly registry.get     'x-timer': 'S1414033072.515110,VS0,VE0',
258 silly registry.get     vary: 'Accept',
258 silly registry.get     'keep-alive': 'timeout=10, max=48',
258 silly registry.get     connection: 'Keep-Alive' } ]
259 silly addNameRange number 2 { name: 'express', range: '>=4.9.0-0 <4.10.0-0', hasData: true }
260 silly addNameRange versions [ 'express',
260 silly addNameRange   [ '0.14.0',
260 silly addNameRange     '0.14.1',
260 silly addNameRange     '1.0.0',
260 silly addNameRange     '1.0.1',
260 silly addNameRange     '1.0.2',
260 silly addNameRange     '1.0.3',
260 silly addNameRange     '1.0.4',
260 silly addNameRange     '1.0.5',
260 silly addNameRange     '1.0.6',
260 silly addNameRange     '1.0.7',
260 silly addNameRange     '1.0.8',
260 silly addNameRange     '2.0.0',
260 silly addNameRange     '2.1.0',
260 silly addNameRange     '2.1.1',
260 silly addNameRange     '2.2.0',
260 silly addNameRange     '2.2.1',
260 silly addNameRange     '2.2.2',
260 silly addNameRange     '2.3.0',
260 silly addNameRange     '2.3.1',
260 silly addNameRange     '2.3.2',
260 silly addNameRange     '2.3.3',
260 silly addNameRange     '2.3.4',
260 silly addNameRange     '2.3.5',
260 silly addNameRange     '2.3.6',
260 silly addNameRange     '2.3.7',
260 silly addNameRange     '2.3.8',
260 silly addNameRange     '2.3.9',
260 silly addNameRange     '2.3.10',
260 silly addNameRange     '2.3.11',
260 silly addNameRange     '2.3.12',
260 silly addNameRange     '2.4.0',
260 silly addNameRange     '2.4.1',
260 silly addNameRange     '2.4.2',
260 silly addNameRange     '2.4.3',
260 silly addNameRange     '2.4.4',
260 silly addNameRange     '2.4.5',
260 silly addNameRange     '2.4.6',
260 silly addNameRange     '2.4.7',
260 silly addNameRange     '2.5.0',
260 silly addNameRange     '2.5.1',
260 silly addNameRange     '2.5.2',
260 silly addNameRange     '2.5.3',
260 silly addNameRange     '2.5.4',
260 silly addNameRange     '2.5.5',
260 silly addNameRange     '2.5.6',
260 silly addNameRange     '2.5.7',
260 silly addNameRange     '2.5.8',
260 silly addNameRange     '2.5.9',
260 silly addNameRange     '2.5.10',
260 silly addNameRange     '2.5.11',
260 silly addNameRange     '3.0.0',
260 silly addNameRange     '3.0.1',
260 silly addNameRange     '3.0.2',
260 silly addNameRange     '3.0.3',
260 silly addNameRange     '3.0.4',
260 silly addNameRange     '3.0.5',
260 silly addNameRange     '3.0.6',
260 silly addNameRange     '3.1.0',
260 silly addNameRange     '3.1.1',
260 silly addNameRange     '3.1.2',
260 silly addNameRange     '3.2.0',
260 silly addNameRange     '3.2.1',
260 silly addNameRange     '3.2.2',
260 silly addNameRange     '3.2.3',
260 silly addNameRange     '3.2.4',
260 silly addNameRange     '3.2.5',
260 silly addNameRange     '3.2.6',
260 silly addNameRange     '3.3.0',
260 silly addNameRange     '3.3.1',
260 silly addNameRange     '3.3.2',
260 silly addNameRange     '3.3.3',
260 silly addNameRange     '3.3.4',
260 silly addNameRange     '3.3.5',
260 silly addNameRange     '3.3.6',
260 silly addNameRange     '1.0.0-beta',
260 silly addNameRange     '1.0.0-beta2',
260 silly addNameRange     '1.0.0-rc',
260 silly addNameRange     '1.0.0-rc2',
260 silly addNameRange     '1.0.0-rc3',
260 silly addNameRange     '1.0.0-rc4',
260 silly addNameRange     '2.0.0-beta',
260 silly addNameRange     '2.0.0-beta2',
260 silly addNameRange     '2.0.0-beta3',
260 silly addNameRange     '2.0.0-rc',
260 silly addNameRange     '2.0.0-rc2',
260 silly addNameRange     '2.0.0-rc3',
260 silly addNameRange     '3.0.0-alpha1',
260 silly addNameRange     '3.0.0-alpha2',
260 silly addNameRange     '3.0.0-alpha3',
260 silly addNameRange     '3.0.0-alpha4',
260 silly addNameRange     '3.0.0-alpha5',
260 silly addNameRange     '3.0.0-beta1',
260 silly addNameRange     '3.0.0-beta2',
260 silly addNameRange     '3.0.0-beta3',
260 silly addNameRange     '3.0.0-beta4',
260 silly addNameRange     '3.0.0-beta6',
260 silly addNameRange     '3.0.0-beta7',
260 silly addNameRange     '3.0.0-rc1',
260 silly addNameRange     '3.0.0-rc2',
260 silly addNameRange     '3.0.0-rc3',
260 silly addNameRange     '3.0.0-rc4',
260 silly addNameRange     '3.0.0-rc5',
260 silly addNameRange     '3.3.7',
260 silly addNameRange     '3.3.8',
260 silly addNameRange     '3.4.0',
260 silly addNameRange     '3.4.1',
260 silly addNameRange     '3.4.2',
260 silly addNameRange     '3.4.3',
260 silly addNameRange     '3.4.4',
260 silly addNameRange     '3.4.5',
260 silly addNameRange     '3.4.6',
260 silly addNameRange     '3.4.7',
260 silly addNameRange     '3.4.8',
260 silly addNameRange     '4.0.0-rc1',
260 silly addNameRange     '4.0.0-rc2',
260 silly addNameRange     '3.5.0',
260 silly addNameRange     '4.0.0-rc3',
260 silly addNameRange     '4.0.0-rc4',
260 silly addNameRange     '3.5.1',
260 silly addNameRange     '4.0.0',
260 silly addNameRange     '3.5.2',
260 silly addNameRange     '4.1.0',
260 silly addNameRange     '4.1.1',
260 silly addNameRange     '3.5.3',
260 silly addNameRange     '4.1.2',
260 silly addNameRange     '3.6.0',
260 silly addNameRange     '4.2.0',
260 silly addNameRange     '3.7.0',
260 silly addNameRange     '3.8.0',
260 silly addNameRange     '4.3.0',
260 silly addNameRange     '4.3.1',
260 silly addNameRange     '3.8.1',
260 silly addNameRange     '4.3.2',
260 silly addNameRange     '3.9.0',
260 silly addNameRange     '4.4.0',
260 silly addNameRange     '4.4.1',
260 silly addNameRange     '3.10.0',
260 silly addNameRange     '3.10.1',
260 silly addNameRange     '3.10.2',
260 silly addNameRange     '3.10.3',
260 silly addNameRange     '3.10.4',
260 silly addNameRange     '4.4.2',
260 silly addNameRange     '3.10.5',
260 silly addNameRange     '4.4.3',
260 silly addNameRange     '3.11.0',
260 silly addNameRange     '4.4.4',
260 silly addNameRange     '3.12.0',
260 silly addNameRange     '3.12.1',
260 silly addNameRange     '4.4.5',
260 silly addNameRange     '3.13.0',
260 silly addNameRange     '4.5.0',
260 silly addNameRange     '4.5.1',
260 silly addNameRange     '3.14.0',
260 silly addNameRange     '4.6.0',
260 silly addNameRange     '4.6.1',
260 silly addNameRange     '3.15.0',
260 silly addNameRange     '4.7.0',
260 silly addNameRange     '3.15.1',
260 silly addNameRange     '4.7.1',
260 silly addNameRange     '3.15.2',
260 silly addNameRange     '4.7.2',
260 silly addNameRange     '4.7.3',
260 silly addNameRange     '3.15.3',
260 silly addNameRange     '4.7.4',
260 silly addNameRange     '3.16.0',
260 silly addNameRange     '4.8.0',
260 silly addNameRange     '3.16.1',
260 silly addNameRange     '4.8.1',
260 silly addNameRange     '3.16.2',
260 silly addNameRange     '4.8.2',
260 silly addNameRange     '3.16.3',
260 silly addNameRange     '3.16.4',
260 silly addNameRange     '4.8.3',
260 silly addNameRange     '3.16.5',
260 silly addNameRange     '3.16.6',
260 silly addNameRange     '4.8.4',
260 silly addNameRange     '3.16.7',
260 silly addNameRange     '4.8.5',
260 silly addNameRange     '3.16.8',
260 silly addNameRange     '4.8.6',
260 silly addNameRange     '3.16.9',
260 silly addNameRange     '4.8.7',
260 silly addNameRange     '3.16.10',
260 silly addNameRange     '4.8.8',
260 silly addNameRange     '3.17.0',
260 silly addNameRange     '3.17.1',
260 silly addNameRange     '4.9.0',
260 silly addNameRange     '3.17.2',
260 silly addNameRange     '4.9.1',
260 silly addNameRange     '4.9.2',
260 silly addNameRange     '3.17.3',
260 silly addNameRange     '4.9.3',
260 silly addNameRange     '3.17.4',
260 silly addNameRange     '4.9.4',
260 silly addNameRange     '3.17.5',
260 silly addNameRange     '4.9.5',
260 silly addNameRange     '3.17.6',
260 silly addNameRange     '3.17.7',
260 silly addNameRange     '4.9.6',
260 silly addNameRange     '4.9.7',
260 silly addNameRange     '3.17.8',
260 silly addNameRange     '4.9.8',
260 silly addNameRange     '3.18.0' ] ]
261 verbose addNamed [ 'express', '4.9.8' ]
262 verbose addNamed [ '4.9.8', '4.9.8' ]
263 silly lockFile 3e3a25f6-express-4-9-8 express@4.9.8
264 verbose lock express@4.9.8 /Users/JJLee/.npm/3e3a25f6-express-4-9-8.lock
265 silly lockFile 2d7fb097-js-org-express-express-4-9-8-tgz https://registry.npmjs.org/express/-/express-4.9.8.tgz
266 verbose lock https://registry.npmjs.org/express/-/express-4.9.8.tgz /Users/JJLee/.npm/2d7fb097-js-org-express-express-4-9-8-tgz.lock
267 verbose addRemoteTarball [ 'https://registry.npmjs.org/express/-/express-4.9.8.tgz',
267 verbose addRemoteTarball   'f360f596baeabbd0e5223b603d6eb578d9d2d10d' ]
268 info retry fetch attempt 1 at 10:57:53
269 verbose fetch to= /var/folders/5y/8scskfl514j1blfth90bj3pm0000gn/T/npm-3822-6pR7NzXe/registry.npmjs.org/express/-/express-4.9.8.tgz
270 http GET https://registry.npmjs.org/express/-/express-4.9.8.tgz
271 http 200 https://registry.npmjs.org/serve-favicon/-/serve-favicon-2.1.6.tgz
272 silly lockFile 620925dd--favicon-serve-favicon-2-1-6-tgz https://registry.npmjs.org/serve-favicon/-/serve-favicon-2.1.6.tgz
273 silly lockFile 620925dd--favicon-serve-favicon-2-1-6-tgz https://registry.npmjs.org/serve-favicon/-/serve-favicon-2.1.6.tgz
274 silly lockFile 4a3fd20c-serve-favicon-2-1-6 serve-favicon@2.1.6
275 silly lockFile 4a3fd20c-serve-favicon-2-1-6 serve-favicon@2.1.6
276 silly lockFile 38295489-serve-favicon-2-1-3 serve-favicon@~2.1.3
277 silly lockFile 38295489-serve-favicon-2-1-3 serve-favicon@~2.1.3
278 http 200 https://registry.npmjs.org/jade
279 silly registry.get cb [ 200,
279 silly registry.get   { date: 'Thu, 23 Oct 2014 02:57:52 GMT',
279 silly registry.get     server: 'CouchDB/1.5.0 (Erlang OTP/R16B03)',
279 silly registry.get     etag: '"574TTA7U5CJE1ZXHJE2S286DB"',
279 silly registry.get     'content-type': 'application/json',
279 silly registry.get     'cache-control': 'max-age=60',
279 silly registry.get     'content-length': '127439',
279 silly registry.get     'accept-ranges': 'bytes',
279 silly registry.get     via: '1.1 varnish',
279 silly registry.get     age: '0',
279 silly registry.get     'x-served-by': 'cache-hk90-HKG',
279 silly registry.get     'x-cache': 'HIT',
279 silly registry.get     'x-cache-hits': '1',
279 silly registry.get     'x-timer': 'S1414033071.977951,VS0,VE743',
279 silly registry.get     vary: 'Accept',
279 silly registry.get     'keep-alive': 'timeout=10, max=49',
279 silly registry.get     connection: 'Keep-Alive' } ]
280 silly addNameRange number 2 { name: 'jade', range: '>=1.6.0-0 <1.7.0-0', hasData: true }
281 silly addNameRange versions [ 'jade',
281 silly addNameRange   [ '0.0.1',
281 silly addNameRange     '0.0.2',
281 silly addNameRange     '0.1.0',
281 silly addNameRange     '0.2.0',
281 silly addNameRange     '0.2.1',
281 silly addNameRange     '0.2.2',
281 silly addNameRange     '0.2.3',
281 silly addNameRange     '0.2.4',
281 silly addNameRange     '0.3.0',
281 silly addNameRange     '0.4.0',
281 silly addNameRange     '0.4.1',
281 silly addNameRange     '0.5.0',
281 silly addNameRange     '0.5.1',
281 silly addNameRange     '0.5.2',
281 silly addNameRange     '0.5.3',
281 silly addNameRange     '0.5.4',
281 silly addNameRange     '0.5.5',
281 silly addNameRange     '0.5.6',
281 silly addNameRange     '0.5.7',
281 silly addNameRange     '0.6.0',
281 silly addNameRange     '0.6.1',
281 silly addNameRange     '0.6.3',
281 silly addNameRange     '0.7.0',
281 silly addNameRange     '0.7.1',
281 silly addNameRange     '0.8.0',
281 silly addNameRange     '0.8.1',
281 silly addNameRange     '0.8.2',
281 silly addNameRange     '0.8.3',
281 silly addNameRange     '0.8.4',
281 silly addNameRange     '0.8.5',
281 silly addNameRange     '0.8.6',
281 silly addNameRange     '0.8.7',
281 silly addNameRange     '0.8.8',
281 silly addNameRange     '0.8.9',
281 silly addNameRange     '0.9.0',
281 silly addNameRange     '0.9.1',
281 silly addNameRange     '0.9.2',
281 silly addNameRange     '0.9.3',
281 silly addNameRange     '0.10.0',
281 silly addNameRange     '0.10.1',
281 silly addNameRange     '0.10.2',
281 silly addNameRange     '0.10.3',
281 silly addNameRange     '0.10.4',
281 silly addNameRange     '0.10.5',
281 silly addNameRange     '0.10.6',
281 silly addNameRange     '0.10.7',
281 silly addNameRange     '0.11.0',
281 silly addNameRange     '0.11.1',
281 silly addNameRange     '0.12.0',
281 silly addNameRange     '0.12.1',
281 silly addNameRange     '0.12.2',
281 silly addNameRange     '0.12.3',
281 silly addNameRange     '0.12.4',
281 silly addNameRange     '0.13.0',
281 silly addNameRange     '0.14.0',
281 silly addNameRange     '0.14.1',
281 silly addNameRange     '0.14.2',
281 silly addNameRange     '0.15.0',
281 silly addNameRange     '0.15.1',
281 silly addNameRange     '0.15.2',
281 silly addNameRange     '0.15.3',
281 silly addNameRange     '0.15.4',
281 silly addNameRange     '0.16.0',
281 silly addNameRange     '0.16.1',
281 silly addNameRange     '0.16.2',
281 silly addNameRange     '0.16.3',
281 silly addNameRange     '0.16.4',
281 silly addNameRange     '0.17.0',
281 silly addNameRange     '0.18.0',
281 silly addNameRange     '0.19.0',
281 silly addNameRange     '0.20.0',
281 silly addNameRange     '0.20.1',
281 silly addNameRange     '0.20.2',
281 silly addNameRange     '0.20.3',
281 silly addNameRange     '0.21.0',
281 silly addNameRange     '0.22.0',
281 silly addNameRange     '0.22.1',
281 silly addNameRange     '0.23.0',
281 silly addNameRange     '0.24.0',
281 silly addNameRange     '0.25.0',
281 silly addNameRange     '0.26.0',
281 silly addNameRange     '0.26.1',
281 silly addNameRange     '0.26.2',
281 silly addNameRange     '0.26.3',
281 silly addNameRange     '0.27.0',
281 silly addNameRange     '0.27.1',
281 silly addNameRange     '0.27.2',
281 silly addNameRange     '0.27.3',
281 silly addNameRange     '0.27.4',
281 silly addNameRange     '0.27.5',
281 silly addNameRange     '0.27.6',
281 silly addNameRange     '0.27.7',
281 silly addNameRange     '0.28.0',
281 silly addNameRange     '0.28.1',
281 silly addNameRange     '0.28.2',
281 silly addNameRange     '0.29.0',
281 silly addNameRange     '0.30.0',
281 silly addNameRange     '0.31.0',
281 silly addNameRange     '0.31.1',
281 silly addNameRange     '0.31.2',
281 silly addNameRange     '0.32.0',
281 silly addNameRange     '0.33.0',
281 silly addNameRange     '0.34.0',
281 silly addNameRange     '0.34.1',
281 silly addNameRange     '0.35.0',
281 silly addNameRange     '1.0.0',
281 silly addNameRange     '1.0.1',
281 silly addNameRange     '1.0.2',
281 silly addNameRange     '1.1.0',
281 silly addNameRange     '1.1.1',
281 silly addNameRange     '1.1.2',
281 silly addNameRange     '1.1.3',
281 silly addNameRange     '1.1.4',
281 silly addNameRange     '1.1.5',
281 silly addNameRange     '1.2.0',
281 silly addNameRange     '1.3.0',
281 silly addNameRange     '1.3.1',
281 silly addNameRange     '1.4.0',
281 silly addNameRange     '1.4.1',
281 silly addNameRange     '1.4.2',
281 silly addNameRange     '1.5.0',
281 silly addNameRange     '1.6.0',
281 silly addNameRange     '1.7.0' ] ]
282 verbose addNamed [ 'jade', '1.6.0' ]
283 verbose addNamed [ '1.6.0', '1.6.0' ]
284 silly lockFile c06071bd-jade-1-6-0 jade@1.6.0
285 verbose lock jade@1.6.0 /Users/JJLee/.npm/c06071bd-jade-1-6-0.lock
286 silly lockFile c06071bd-jade-1-6-0 jade@1.6.0
287 silly lockFile c06071bd-jade-1-6-0 jade@1.6.0
288 silly lockFile ad8c17a8-jade-1-6-0 jade@~1.6.0
289 silly lockFile ad8c17a8-jade-1-6-0 jade@~1.6.0
290 http 200 https://registry.npmjs.org/express/-/express-4.9.8.tgz
291 silly lockFile 2d7fb097-js-org-express-express-4-9-8-tgz https://registry.npmjs.org/express/-/express-4.9.8.tgz
292 silly lockFile 2d7fb097-js-org-express-express-4-9-8-tgz https://registry.npmjs.org/express/-/express-4.9.8.tgz
293 silly lockFile 3e3a25f6-express-4-9-8 express@4.9.8
294 silly lockFile 3e3a25f6-express-4-9-8 express@4.9.8
295 silly lockFile 6ae7fa08-express-4-9-0 express@~4.9.0
296 silly lockFile 6ae7fa08-express-4-9-0 express@~4.9.0
297 http 200 https://registry.npmjs.org/mongodb
298 silly registry.get cb [ 200,
298 silly registry.get   { date: 'Thu, 23 Oct 2014 02:57:52 GMT',
298 silly registry.get     server: 'CouchDB/1.5.0 (Erlang OTP/R14B04)',
298 silly registry.get     etag: '"6IGTEQF3X5QLBC0DR9V26BD24"',
298 silly registry.get     'content-type': 'application/json',
298 silly registry.get     'cache-control': 'max-age=60',
298 silly registry.get     'content-length': '370950',
298 silly registry.get     'accept-ranges': 'bytes',
298 silly registry.get     via: '1.1 varnish',
298 silly registry.get     age: '0',
298 silly registry.get     'x-served-by': 'cache-hk92-HKG',
298 silly registry.get     'x-cache': 'HIT',
298 silly registry.get     'x-cache-hits': '1',
298 silly registry.get     'x-timer': 'S1414033072.008992,VS0,VE959',
298 silly registry.get     vary: 'Accept',
298 silly registry.get     'keep-alive': 'timeout=10, max=49',
298 silly registry.get     connection: 'Keep-Alive' } ]
299 silly addNameRange number 2 { name: 'mongodb', range: '*', hasData: true }
300 silly addNameRange versions [ 'mongodb',
300 silly addNameRange   [ '0.9.4',
300 silly addNameRange     '0.9.4-4',
300 silly addNameRange     '0.9.3',
300 silly addNameRange     '0.9.1',
300 silly addNameRange     '0.9.2',
300 silly addNameRange     '0.9.6-7',
300 silly addNameRange     '0.9.6-8',
300 silly addNameRange     '0.9.6-9',
300 silly addNameRange     '0.9.6-10',
300 silly addNameRange     '0.9.6-11',
300 silly addNameRange     '0.9.6-12',
300 silly addNameRange     '0.9.6-13',
300 silly addNameRange     '0.9.6-14',
300 silly addNameRange     '0.9.6-15',
300 silly addNameRange     '0.9.6-16',
300 silly addNameRange     '0.9.6-17',
300 silly addNameRange     '0.9.6-18',
300 silly addNameRange     '0.9.6-19',
300 silly addNameRange     '0.9.6-20',
300 silly addNameRange     '0.9.6-21',
300 silly addNameRange     '0.9.6-22',
300 silly addNameRange     '0.9.6-23',
300 silly addNameRange     '0.9.7',
300 silly addNameRange     '0.9.7-0',
300 silly addNameRange     '0.9.7-1',
300 silly addNameRange     '0.9.7-1.1',
300 silly addNameRange     '0.9.7-1.2',
300 silly addNameRange     '0.9.7-1.3',
300 silly addNameRange     '0.9.7-1.4',
300 silly addNameRange     '0.9.7-2',
300 silly addNameRange     '0.9.7-2-1',
300 silly addNameRange     '0.9.7-2-2',
300 silly addNameRange     '0.9.7-2-3',
300 silly addNameRange     '0.9.7-2-4',
300 silly addNameRange     '0.9.7-2-5',
300 silly addNameRange     '0.9.7-3',
300 silly addNameRange     '0.9.7-3-1',
300 silly addNameRange     '0.9.7-3-2',
300 silly addNameRange     '0.9.7-3-3',
300 silly addNameRange     '0.9.7-3-4',
300 silly addNameRange     '0.9.7-3-5',
300 silly addNameRange     '0.9.8',
300 silly addNameRange     '0.9.8-1',
300 silly addNameRange     '0.9.8-2',
300 silly addNameRange     '0.9.8-3',
300 silly addNameRange     '0.9.8-4',
300 silly addNameRange     '0.9.8-5',
300 silly addNameRange     '0.9.8-6',
300 silly addNameRange     '0.9.8-7',
300 silly addNameRange     '0.9.9',
300 silly addNameRange     '0.9.9-1',
300 silly addNameRange     '0.9.9-2',
300 silly addNameRange     '0.9.9-3',
300 silly addNameRange     '0.9.9-4',
300 silly addNameRange     '0.9.9-5',
300 silly addNameRange     '0.9.9-6',
300 silly addNameRange     '0.9.9-7',
300 silly addNameRange     '0.9.9-8',
300 silly addNameRange     '1.0.0',
300 silly addNameRange     '1.0.1',
300 silly addNameRange     '1.0.2',
300 silly addNameRange     '1.1.0-beta',
300 silly addNameRange     '1.1.0',
300 silly addNameRange     '1.1.1',
300 silly addNameRange     '1.1.2',
300 silly addNameRange     '1.1.3',
300 silly addNameRange     '1.1.4',
300 silly addNameRange     '1.1.5',
300 silly addNameRange     '1.1.6',
300 silly addNameRange     '1.1.7',
300 silly addNameRange     '1.1.8',
300 silly addNameRange     '1.1.9',
300 silly addNameRange     '1.1.10',
300 silly addNameRange     '1.1.11',
300 silly addNameRange     '1.2.0',
300 silly addNameRange     '1.2.1',
300 silly addNameRange     '1.2.2',
300 silly addNameRange     '1.2.3',
300 silly addNameRange     '1.2.4',
300 silly addNameRange     '1.2.5',
300 silly addNameRange     '1.2.6',
300 silly addNameRange     '1.2.7',
300 silly addNameRange     '1.2.8',
300 silly addNameRange     '1.2.9',
300 silly addNameRange     '1.2.10',
300 silly addNameRange     '1.2.11',
300 silly addNameRange     '1.2.12',
300 silly addNameRange     '1.2.13',
300 silly addNameRange     '1.2.14',
300 silly addNameRange     '1.3.0',
300 silly addNameRange     '1.3.1',
300 silly addNameRange     '1.3.2',
300 silly addNameRange     '1.3.3',
300 silly addNameRange     '1.3.4',
300 silly addNameRange     '1.3.5',
300 silly addNameRange     '1.3.6',
300 silly addNameRange     '1.3.7',
300 silly addNameRange     '1.3.8',
300 silly addNameRange     '1.3.9',
300 silly addNameRange     '1.3.10',
300 silly addNameRange     '1.3.11',
300 silly addNameRange     '1.3.12',
300 silly addNameRange     '1.3.14',
300 silly addNameRange     '1.3.15',
300 silly addNameRange     '1.3.17',
300 silly addNameRange     '1.3.18',
300 silly addNameRange     '1.3.19',
300 silly addNameRange     '1.4.0-rc2',
300 silly addNameRange     '1.3.20',
300 silly addNameRange     '1.4.0-rc3',
300 silly addNameRange     '1.3.21',
300 silly addNameRange     '1.3.22',
300 silly addNameRange     '1.3.23',
300 silly addNameRange     '1.4.0-rc4',
300 silly addNameRange     '1.4.0-rc5',
300 silly addNameRange     '1.4.0-rc6',
300 silly addNameRange     '1.4.0-rc7',
300 silly addNameRange     '1.4.0-rc8',
300 silly addNameRange     '1.4.0-rc9',
300 silly addNameRange     '1.4.0-rc10',
300 silly addNameRange     '1.4.0',
300 silly addNameRange     '1.4.1',
300 silly addNameRange     '1.4.2',
300 silly addNameRange     '1.4.3',
300 silly addNameRange     '1.4.4',
300 silly addNameRange     '1.4.5',
300 silly addNameRange     '1.4.6',
300 silly addNameRange     '1.4.7',
300 silly addNameRange     '1.4.8',
300 silly addNameRange     '1.4.9',
300 silly addNameRange     '1.4.10',
300 silly addNameRange     '2.0.0-alpha1',
300 silly addNameRange     '1.4.11',
300 silly addNameRange     '1.4.12',
300 silly addNameRange     '1.4.14',
300 silly addNameRange     '1.4.15',
300 silly addNameRange     '1.4.16',
300 silly addNameRange     '1.4.17',
300 silly addNameRange     '2.0.0-alpha2',
300 silly addNameRange     '1.4.18',
300 silly addNameRange     '2.0.0',
300 silly addNameRange     '2.0.1',
300 silly addNameRange     '2.0.2',
300 silly addNameRange     '1.4.19',
300 silly addNameRange     '2.0.3' ] ]
301 verbose addNamed [ 'mongodb', '1.4.19' ]
302 verbose addNamed [ '1.4.19', '1.4.19' ]
303 silly lockFile f2af46af-mongodb-1-4-19 mongodb@1.4.19
304 verbose lock mongodb@1.4.19 /Users/JJLee/.npm/f2af46af-mongodb-1-4-19.lock
305 silly lockFile f2af46af-mongodb-1-4-19 mongodb@1.4.19
306 silly lockFile f2af46af-mongodb-1-4-19 mongodb@1.4.19
307 silly lockFile 842f93d5-mongodb mongodb@*
308 silly lockFile 842f93d5-mongodb mongodb@*
309 error Error: EACCES, mkdir '/Users/JJLee/.npm/serve-favicon/2.1.6'
309 error  { [Error: EACCES, mkdir '/Users/JJLee/.npm/serve-favicon/2.1.6']
309 error   errno: 3,
309 error   code: 'EACCES',
309 error   path: '/Users/JJLee/.npm/serve-favicon/2.1.6',
309 error   parent: 'resume' }
310 error Please try running this command again as root/Administrator.
311 error System Darwin 14.0.0
312 error command "node" "/usr/local/bin/npm" "install"
313 error cwd /Users/JJLee/Documents/developer/web/resume
314 error node -v v0.10.32
315 error npm -v 1.4.28
316 error path /Users/JJLee/.npm/serve-favicon/2.1.6
317 error code EACCES
318 error errno 3
319 error stack Error: EACCES, mkdir '/Users/JJLee/.npm/serve-favicon/2.1.6'
320 verbose exit [ 3, true ]
